Base path: C:/Program Files (x86)/Unity/Editor/Data
Pipe name: \\.\pipe\UnityShaderCompiler-1-2832
Cmd: getPlatforms
Cmd: compileSnippet
  api=4 type=0 insize=4822 outsize=1493 kw=DIRECTIONAL SHADOWS_OFF LIGHTMAP_ON DIRLIGHTMAP_OFF ok=1
Cmd: compileSnippet
  api=8 type=0 insize=4822 outsize=2048 kw=DIRECTIONAL SHADOWS_OFF LIGHTMAP_ON DIRLIGHTMAP_OFF ok=1
Cmd: compileSnippet
  api=8 type=0 insize=4822 outsize=4380 kw=DIRECTIONAL SHADOWS_SCREEN LIGHTMAP_OFF DIRLIGHTMAP_OFF ok=1
Cmd: compileSnippet
  api=1 type=0 insize=4822 outsize=1146 kw=DIRECTIONAL SHADOWS_OFF LIGHTMAP_OFF DIRLIGHTMAP_OFF VERTEXLIGHT_ON ok=1
Cmd: compileSnippet
  api=4 type=1 insize=4822 outsize=1128 kw=DIRECTIONAL SHADOWS_OFF LIGHTMAP_ON DIRLIGHTMAP_OFF ok=1
Cmd: compileSnippet
  api=8 type=1 insize=4822 outsize=1658 kw=DIRECTIONAL SHADOWS_OFF LIGHTMAP_ON DIRLIGHTMAP_OFF ok=1
Cmd: compileSnippet
  api=8 type=1 insize=4822 outsize=2511 kw=DIRECTIONAL SHADOWS_SCREEN LIGHTMAP_ON DIRLIGHTMAP_OFF ok=1
Cmd: compileSnippet
  api=4 type=0 insize=2798 outsize=1851 kw=DIRECTIONAL ok=1
Cmd: compileSnippet
  api=1 type=0 insize=2798 outsize=402 kw=SPOT ok=1
Cmd: compileSnippet
  api=8 type=0 insize=2798 outsize=4128 kw=POINT_COOKIE ok=1
Cmd: compileSnippet
  api=4 type=1 insize=2798 outsize=1339 kw=DIRECTIONAL ok=1
Cmd: compileSnippet
  api=4 type=1 insize=2798 outsize=2249 kw=SPOT ok=1
Cmd: compileSnippet
  api=4 type=1 insize=2798 outsize=1940 kw=POINT_COOKIE ok=1
Cmd: compileSnippet
  api=1 type=1 insize=2798 outsize=398 kw=DIRECTIONAL_COOKIE ok=1
Cmd: compileSnippet
  api=8 type=1 insize=2798 outsize=2422 kw=DIRECTIONAL_COOKIE ok=1
Cmd: compileSnippet
  api=8 type=1 insize=867 outsize=675 kw= ok=1
Cmd: compileSnippet
  api=4 type=0 insize=4693 outsize=1583 kw=DIRECTIONAL SHADOWS_OFF LIGHTMAP_ON DIRLIGHTMAP_OFF ok=1
Cmd: compileSnippet
  api=8 type=0 insize=4693 outsize=2178 kw=DIRECTIONAL SHADOWS_OFF LIGHTMAP_ON DIRLIGHTMAP_OFF ok=1
Cmd: compileSnippet
  api=4 type=0 insize=4693 outsize=1973 kw=DIRECTIONAL SHADOWS_SCREEN LIGHTMAP_ON DIRLIGHTMAP_OFF ok=1
Cmd: compileSnippet
  api=8 type=0 insize=4693 outsize=2795 kw=DIRECTIONAL SHADOWS_SCREEN LIGHTMAP_ON DIRLIGHTMAP_OFF ok=1
Cmd: compileSnippet
  api=8 type=0 insize=4693 outsize=2795 kw=DIRECTIONAL SHADOWS_SCREEN LIGHTMAP_ON DIRLIGHTMAP_ON ok=1
Cmd: compileSnippet
  api=1 type=0 insize=4693 outsize=1316 kw=DIRECTIONAL SHADOWS_SCREEN LIGHTMAP_OFF DIRLIGHTMAP_OFF VERTEXLIGHT_ON ok=1
Cmd: compileSnippet
  api=4 type=1 insize=4693 outsize=1485 kw=DIRECTIONAL SHADOWS_OFF LIGHTMAP_ON DIRLIGHTMAP_OFF ok=1
Cmd: compileSnippet
  api=8 type=1 insize=4693 outsize=2194 kw=DIRECTIONAL SHADOWS_OFF LIGHTMAP_ON DIRLIGHTMAP_OFF ok=1
Cmd: compileSnippet
  api=8 type=1 insize=4693 outsize=2194 kw=DIRECTIONAL SHADOWS_OFF LIGHTMAP_ON DIRLIGHTMAP_ON ok=1
Cmd: compileSnippet
  api=1 type=1 insize=4693 outsize=541 kw=DIRECTIONAL SHADOWS_SCREEN LIGHTMAP_ON DIRLIGHTMAP_OFF ok=1
Cmd: compileSnippet
  api=1 type=1 insize=4693 outsize=541 kw=DIRECTIONAL SHADOWS_SCREEN LIGHTMAP_ON DIRLIGHTMAP_ON ok=1
Cmd: compileSnippet
  api=8 type=1 insize=4693 outsize=3047 kw=DIRECTIONAL SHADOWS_SCREEN LIGHTMAP_ON DIRLIGHTMAP_ON ok=1
Cmd: compileSnippet
  api=4 type=0 insize=2669 outsize=1940 kw=DIRECTIONAL ok=1
Cmd: compileSnippet
  api=1 type=0 insize=2669 outsize=437 kw=SPOT ok=1
Cmd: compileSnippet
  api=8 type=0 insize=2669 outsize=4258 kw=POINT_COOKIE ok=1
Cmd: compileSnippet
  api=8 type=0 insize=2669 outsize=3762 kw=DIRECTIONAL_COOKIE ok=1
Cmd: compileSnippet
  api=4 type=1 insize=2669 outsize=1550 kw=DIRECTIONAL ok=1
Cmd: compileSnippet
  api=4 type=1 insize=2669 outsize=2460 kw=SPOT ok=1
Cmd: compileSnippet
  api=1 type=1 insize=2669 outsize=607 kw=POINT_COOKIE ok=1
Cmd: compileSnippet
  api=4 type=1 insize=2669 outsize=2152 kw=POINT_COOKIE ok=1
Cmd: compileSnippet
  api=8 type=0 insize=4410 outsize=4372 kw=LIGHTMAP_OFF DIRLIGHTMAP_OFF HDR_LIGHT_PREPASS_OFF ok=1
Cmd: compileSnippet
  api=4 type=0 insize=4410 outsize=1973 kw=LIGHTMAP_ON DIRLIGHTMAP_ON HDR_LIGHT_PREPASS_OFF ok=1
Cmd: compileSnippet
  api=8 type=0 insize=4410 outsize=2795 kw=LIGHTMAP_ON DIRLIGHTMAP_ON HDR_LIGHT_PREPASS_OFF ok=1
Cmd: compileSnippet
  api=8 type=0 insize=4410 outsize=4372 kw=LIGHTMAP_OFF DIRLIGHTMAP_OFF HDR_LIGHT_PREPASS_ON ok=1
Cmd: compileSnippet
  api=1 type=0 insize=4410 outsize=346 kw=LIGHTMAP_ON DIRLIGHTMAP_ON HDR_LIGHT_PREPASS_ON ok=1
Cmd: compileSnippet
  api=8 type=1 insize=4410 outsize=2438 kw=LIGHTMAP_OFF DIRLIGHTMAP_OFF HDR_LIGHT_PREPASS_OFF ok=1
Cmd: compileSnippet
  api=1 type=1 insize=4410 outsize=475 kw=LIGHTMAP_ON DIRLIGHTMAP_ON HDR_LIGHT_PREPASS_OFF ok=1
Cmd: compileSnippet
  api=1 type=1 insize=4410 outsize=355 kw=LIGHTMAP_OFF DIRLIGHTMAP_OFF HDR_LIGHT_PREPASS_ON ok=1
Cmd: compileSnippet
  api=8 type=1 insize=4410 outsize=2316 kw=LIGHTMAP_OFF DIRLIGHTMAP_OFF HDR_LIGHT_PREPASS_ON ok=1
Cmd: compileSnippet
  api=4 type=1 insize=4410 outsize=2403 kw=LIGHTMAP_ON DIRLIGHTMAP_OFF HDR_LIGHT_PREPASS_ON ok=1
Cmd: compileSnippet
  api=1 type=1 insize=4410 outsize=420 kw=LIGHTMAP_ON DIRLIGHTMAP_ON HDR_LIGHT_PREPASS_ON ok=1
Cmd: compileSnippet
  api=8 type=1 insize=4410 outsize=2625 kw=LIGHTMAP_ON DIRLIGHTMAP_ON HDR_LIGHT_PREPASS_ON ok=1
Cmd: compileSnippet
  api=4 type=0 insize=2006 outsize=1794 kw=SHADOWS_CUBE ok=1
Cmd: compileSnippet
  api=4 type=1 insize=2006 outsize=1493 kw=SHADOWS_CUBE ok=1
Cmd: compileSnippet
  api=4 type=0 insize=2051 outsize=3647 kw=SHADOWS_NATIVE ok=1
Cmd: compileSnippet
  api=4 type=0 insize=2051 outsize=3647 kw=SHADOWS_SPLIT_SPHERES SHADOWS_NATIVE ok=1
Cmd: compileSnippet
  api=4 type=1 insize=2051 outsize=2818 kw=SHADOWS_NATIVE ok=1
Cmd: compileSnippet
  api=4 type=1 insize=2051 outsize=3565 kw=SHADOWS_SPLIT_SPHERES SHADOWS_NATIVE ok=1
