Base path: C:/Program Files (x86)/Unity/Editor/Data
Pipe name: \\.\pipe\UnityShaderCompiler-4-1972
Cmd: getPlatforms
Cmd: compileSnippet
  api=1 type=0 insize=4822 outsize=190 kw=DIRECTIONAL SHADOWS_OFF LIGHTMAP_ON DIRLIGHTMAP_OFF ok=1
Cmd: compileSnippet
  api=8 type=1 insize=4822 outsize=2194 kw=DIRECTIONAL SHADOWS_OFF LIGHTMAP_OFF DIRLIGHTMAP_OFF ok=1
Cmd: compileSnippet
  api=8 type=1 insize=4822 outsize=2690 kw=DIRECTIONAL SHADOWS_SCREEN LIGHTMAP_OFF DIRLIGHTMAP_OFF ok=1
Cmd: compileSnippet
  api=8 type=0 insize=2798 outsize=4128 kw=POINT ok=1
Cmd: compileSnippet
  api=1 type=0 insize=2798 outsize=383 kw=POINT_COOKIE ok=1
Cmd: compileSnippet
  api=8 type=0 insize=2798 outsize=3632 kw=DIRECTIONAL_COOKIE ok=1
Cmd: compileSnippet
  api=8 type=1 insize=2798 outsize=2690 kw=POINT ok=1
Cmd: compileSnippet
  api=1 type=1 insize=2798 outsize=586 kw=POINT_COOKIE ok=1
Cmd: compileSnippet
  api=4 type=0 insize=867 outsize=1599 kw= ok=1
Cmd: compileSnippet
  api=1 type=0 insize=4693 outsize=225 kw=DIRECTIONAL SHADOWS_OFF LIGHTMAP_ON DIRLIGHTMAP_OFF ok=1
Cmd: compileSnippet
  api=4 type=0 insize=4693 outsize=1583 kw=DIRECTIONAL SHADOWS_OFF LIGHTMAP_ON DIRLIGHTMAP_ON ok=1
Cmd: compileSnippet
  api=1 type=0 insize=4693 outsize=354 kw=DIRECTIONAL SHADOWS_SCREEN LIGHTMAP_ON DIRLIGHTMAP_OFF ok=1
Cmd: compileSnippet
  api=8 type=0 insize=4693 outsize=6712 kw=DIRECTIONAL SHADOWS_OFF LIGHTMAP_OFF DIRLIGHTMAP_OFF VERTEXLIGHT_ON ok=1
Cmd: compileSnippet
  api=4 type=1 insize=4693 outsize=1664 kw=DIRECTIONAL SHADOWS_OFF LIGHTMAP_OFF DIRLIGHTMAP_OFF ok=1
Cmd: compileSnippet
  api=1 type=1 insize=4693 outsize=381 kw=DIRECTIONAL SHADOWS_OFF LIGHTMAP_ON DIRLIGHTMAP_ON ok=1
Cmd: compileSnippet
  api=8 type=1 insize=4693 outsize=2933 kw=DIRECTIONAL SHADOWS_SCREEN LIGHTMAP_OFF DIRLIGHTMAP_OFF ok=1
Cmd: compileSnippet
  api=8 type=0 insize=2669 outsize=2738 kw=DIRECTIONAL ok=1
Cmd: compileSnippet
  api=8 type=0 insize=2669 outsize=4258 kw=SPOT ok=1
Cmd: compileSnippet
  api=8 type=1 insize=2669 outsize=2332 kw=DIRECTIONAL ok=1
Cmd: compileSnippet
  api=4 type=1 insize=2669 outsize=1753 kw=DIRECTIONAL_COOKIE ok=1
Cmd: compileSnippet
  api=8 type=1 insize=2669 outsize=2665 kw=DIRECTIONAL_COOKIE ok=1
Cmd: compileSnippet
  api=8 type=0 insize=2225 outsize=2405 kw= ok=1
Cmd: compileSnippet
  api=1 type=0 insize=4410 outsize=538 kw=LIGHTMAP_ON DIRLIGHTMAP_OFF HDR_LIGHT_PREPASS_OFF ok=1
Cmd: compileSnippet
  api=1 type=0 insize=4410 outsize=538 kw=LIGHTMAP_ON DIRLIGHTMAP_OFF HDR_LIGHT_PREPASS_ON ok=1
Cmd: compileSnippet
  api=4 type=0 insize=4410 outsize=1973 kw=LIGHTMAP_ON DIRLIGHTMAP_ON HDR_LIGHT_PREPASS_ON ok=1
Cmd: compileSnippet
  api=8 type=0 insize=4410 outsize=2795 kw=LIGHTMAP_ON DIRLIGHTMAP_ON HDR_LIGHT_PREPASS_ON ok=1
Cmd: compileSnippet
  api=4 type=1 insize=4410 outsize=1607 kw=LIGHTMAP_OFF DIRLIGHTMAP_OFF HDR_LIGHT_PREPASS_OFF ok=1
Cmd: compileSnippet
  api=4 type=1 insize=4410 outsize=1810 kw=LIGHTMAP_ON DIRLIGHTMAP_ON HDR_LIGHT_PREPASS_OFF ok=1
Cmd: compileSnippet
  api=8 type=1 insize=4410 outsize=2747 kw=LIGHTMAP_ON DIRLIGHTMAP_ON HDR_LIGHT_PREPASS_OFF ok=1
Cmd: compileSnippet
  api=1 type=1 insize=4410 outsize=629 kw=LIGHTMAP_ON DIRLIGHTMAP_OFF HDR_LIGHT_PREPASS_ON ok=1
Cmd: compileSnippet
  api=1 type=0 insize=2006 outsize=217 kw=SHADOWS_CUBE ok=1
Cmd: compileSnippet
  api=8 type=1 insize=2006 outsize=1414 kw=SHADOWS_DEPTH ok=1
Cmd: compileSnippet
  api=1 type=0 insize=2051 outsize=503 kw=SHADOWS_NATIVE ok=1
Cmd: compileSnippet
  api=8 type=0 insize=2051 outsize=5160 kw=SHADOWS_SPLIT_SPHERES SHADOWS_NATIVE ok=1
Cmd: compileSnippet
  api=1 type=1 insize=2051 outsize=757 kw=SHADOWS_NATIVE ok=1
Cmd: compileSnippet
  api=1 type=1 insize=2051 outsize=992 kw=SHADOWS_SPLIT_SPHERES SHADOWS_NONATIVE ok=1
